0	09:13:39.334	Migration: copied from 'D:\a\trader-bot\trader-bot\MT4_Portable\config\accounts.ini' to 'C:\Users\runneradmin\AppData\Roaming\MetaQuotes\Terminal\AC02820828741D7F8BF7FB67EB739BA8\config\accounts.ini'
0	09:13:39.350	Migration: copied from 'D:\a\trader-bot\trader-bot\MT4_Portable\config\common.ini' to 'C:\Users\runneradmin\AppData\Roaming\MetaQuotes\Terminal\AC02820828741D7F8BF7FB67EB739BA8\config\common.ini'
0	09:13:39.350	Migration: copied from 'D:\a\trader-bot\trader-bot\MT4_Portable\config\community.ini' to 'C:\Users\runneradmin\AppData\Roaming\MetaQuotes\Terminal\AC02820828741D7F8BF7FB67EB739BA8\config\community.ini'
0	09:13:39.350	Migration: copied from 'D:\a\trader-bot\trader-bot\MT4_Portable\config\experts.ini' to 'C:\Users\runneradmin\AppData\Roaming\MetaQuotes\Terminal\AC02820828741D7F8BF7FB67EB739BA8\config\experts.ini'
0	09:13:39.350	Migration: copied from 'D:\a\trader-bot\trader-bot\MT4_Portable\config\metaeditor.ini' to 'C:\Users\runneradmin\AppData\Roaming\MetaQuotes\Terminal\AC02820828741D7F8BF7FB67EB739BA8\config\metaeditor.ini'
0	09:13:39.350	Migration: copied from 'D:\a\trader-bot\trader-bot\MT4_Portable\config\notifications.ini' to 'C:\Users\runneradmin\AppData\Roaming\MetaQuotes\Terminal\AC02820828741D7F8BF7FB67EB739BA8\config\notifications.ini'
0	09:13:39.350	Migration: copied from 'D:\a\trader-bot\trader-bot\MT4_Portable\config\server.ini' to 'C:\Users\runneradmin\AppData\Roaming\MetaQuotes\Terminal\AC02820828741D7F8BF7FB67EB739BA8\config\server.ini'
0	09:13:39.350	Migration: copied from 'D:\a\trader-bot\trader-bot\MT4_Portable\config\servers.ini' to 'C:\Users\runneradmin\AppData\Roaming\MetaQuotes\Terminal\AC02820828741D7F8BF7FB67EB739BA8\config\servers.ini'
0	09:13:39.350	Migration: copied from 'D:\a\trader-bot\trader-bot\MT4_Portable\config\terminal.ini' to 'C:\Users\runneradmin\AppData\Roaming\MetaQuotes\Terminal\AC02820828741D7F8BF7FB67EB739BA8\config\terminal.ini'
0	09:13:39.350	Migration: copied from 'D:\a\trader-bot\trader-bot\MT4_Portable\config\trade.ini' to 'C:\Users\runneradmin\AppData\Roaming\MetaQuotes\Terminal\AC02820828741D7F8BF7FB67EB739BA8\config\trade.ini'
0	09:13:39.350	Migration: config folder copied from 'D:\a\trader-bot\trader-bot\MT4_Portable' to 'C:\Users\runneradmin\AppData\Roaming\MetaQuotes\Terminal\AC02820828741D7F8BF7FB67EB739BA8'
0	09:13:39.350	Migration: history folder copied from 'D:\a\trader-bot\trader-bot\MT4_Portable' to 'C:\Users\runneradmin\AppData\Roaming\MetaQuotes\Terminal\AC02820828741D7F8BF7FB67EB739BA8'
0	09:13:39.350	Migration: mailbox folder copied from 'D:\a\trader-bot\trader-bot\MT4_Portable' to 'C:\Users\runneradmin\AppData\Roaming\MetaQuotes\Terminal\AC02820828741D7F8BF7FB67EB739BA8'
0	09:13:39.350	Migration: copied from 'D:\a\trader-bot\trader-bot\MT4_Portable\profiles\British Pound\chart01.CHR' to 'C:\Users\runneradmin\AppData\Roaming\MetaQuotes\Terminal\AC02820828741D7F8BF7FB67EB739BA8\profiles\British Pound\chart01.CHR'
0	09:13:39.350	Migration: copied from 'D:\a\trader-bot\trader-bot\MT4_Portable\profiles\British Pound\chart02.CHR' to 'C:\Users\runneradmin\AppData\Roaming\MetaQuotes\Terminal\AC02820828741D7F8BF7FB67EB739BA8\profiles\British Pound\chart02.CHR'
0	09:13:39.350	Migration: copied from 'D:\a\trader-bot\trader-bot\MT4_Portable\profiles\British Pound\chart03.CHR' to 'C:\Users\runneradmin\AppData\Roaming\MetaQuotes\Terminal\AC02820828741D7F8BF7FB67EB739BA8\profiles\British Pound\chart03.CHR'
0	09:13:39.350	Migration: copied from 'D:\a\trader-bot\trader-bot\MT4_Portable\profiles\British Pound\order.wnd' to 'C:\Users\runneradmin\AppData\Roaming\MetaQuotes\Terminal\AC02820828741D7F8BF7FB67EB739BA8\profiles\British Pound\order.wnd'
0	09:13:39.350	Migration: copied from 'D:\a\trader-bot\trader-bot\MT4_Portable\profiles\default\chart01.chr' to 'C:\Users\runneradmin\AppData\Roaming\MetaQuotes\Terminal\AC02820828741D7F8BF7FB67EB739BA8\profiles\default\chart01.chr'
0	09:13:39.350	Migration: copied from 'D:\a\trader-bot\trader-bot\MT4_Portable\profiles\default\order.wnd' to 'C:\Users\runneradmin\AppData\Roaming\MetaQuotes\Terminal\AC02820828741D7F8BF7FB67EB739BA8\profiles\default\order.wnd'
0	09:13:39.366	Migration: copied from 'D:\a\trader-bot\trader-bot\MT4_Portable\profiles\Euro\chart01.CHR' to 'C:\Users\runneradmin\AppData\Roaming\MetaQuotes\Terminal\AC02820828741D7F8BF7FB67EB739BA8\profiles\Euro\chart01.CHR'
0	09:13:39.366	Migration: copied from 'D:\a\trader-bot\trader-bot\MT4_Portable\profiles\Euro\chart02.CHR' to 'C:\Users\runneradmin\AppData\Roaming\MetaQuotes\Terminal\AC02820828741D7F8BF7FB67EB739BA8\profiles\Euro\chart02.CHR'
0	09:13:39.366	Migration: copied from 'D:\a\trader-bot\trader-bot\MT4_Portable\profiles\Euro\chart03.CHR' to 'C:\Users\runneradmin\AppData\Roaming\MetaQuotes\Terminal\AC02820828741D7F8BF7FB67EB739BA8\profiles\Euro\chart03.CHR'
0	09:13:39.366	Migration: copied from 'D:\a\trader-bot\trader-bot\MT4_Portable\profiles\Euro\order.wnd' to 'C:\Users\runneradmin\AppData\Roaming\MetaQuotes\Terminal\AC02820828741D7F8BF7FB67EB739BA8\profiles\Euro\order.wnd'
0	09:13:39.366	Migration: copied from 'D:\a\trader-bot\trader-bot\MT4_Portable\profiles\gvariables.dat' to 'C:\Users\runneradmin\AppData\Roaming\MetaQuotes\Terminal\AC02820828741D7F8BF7FB67EB739BA8\profiles\gvariables.dat'
0	09:13:39.366	Migration: copied from 'D:\a\trader-bot\trader-bot\MT4_Portable\profiles\hotkeys.ini' to 'C:\Users\runneradmin\AppData\Roaming\MetaQuotes\Terminal\AC02820828741D7F8BF7FB67EB739BA8\profiles\hotkeys.ini'
0	09:13:39.366	Migration: copied from 'D:\a\trader-bot\trader-bot\MT4_Portable\profiles\indicators.dat' to 'C:\Users\runneradmin\AppData\Roaming\MetaQuotes\Terminal\AC02820828741D7F8BF7FB67EB739BA8\profiles\indicators.dat'
0	09:13:39.366	Migration: copied from 'D:\a\trader-bot\trader-bot\MT4_Portable\profiles\lastprofile.ini' to 'C:\Users\runneradmin\AppData\Roaming\MetaQuotes\Terminal\AC02820828741D7F8BF7FB67EB739BA8\profiles\lastprofile.ini'
0	09:13:39.366	Migration: copied from 'D:\a\trader-bot\trader-bot\MT4_Portable\profiles\Market Overview\chart01.CHR' to 'C:\Users\runneradmin\AppData\Roaming\MetaQuotes\Terminal\AC02820828741D7F8BF7FB67EB739BA8\profiles\Market Overview\chart01.CHR'
0	09:13:39.366	Migration: copied from 'D:\a\trader-bot\trader-bot\MT4_Portable\profiles\Market Overview\chart02.CHR' to 'C:\Users\runneradmin\AppData\Roaming\MetaQuotes\Terminal\AC02820828741D7F8BF7FB67EB739BA8\profiles\Market Overview\chart02.CHR'
0	09:13:39.366	Migration: copied from 'D:\a\trader-bot\trader-bot\MT4_Portable\profiles\Market Overview\chart03.CHR' to 'C:\Users\runneradmin\AppData\Roaming\MetaQuotes\Terminal\AC02820828741D7F8BF7FB67EB739BA8\profiles\Market Overview\chart03.CHR'
0	09:13:39.366	Migration: copied from 'D:\a\trader-bot\trader-bot\MT4_Portable\profiles\Market Overview\chart04.CHR' to 'C:\Users\runneradmin\AppData\Roaming\MetaQuotes\Terminal\AC02820828741D7F8BF7FB67EB739BA8\profiles\Market Overview\chart04.CHR'
0	09:13:39.366	Migration: copied from 'D:\a\trader-bot\trader-bot\MT4_Portable\profiles\Market Overview\order.wnd' to 'C:\Users\runneradmin\AppData\Roaming\MetaQuotes\Terminal\AC02820828741D7F8BF7FB67EB739BA8\profiles\Market Overview\order.wnd'
0	09:13:39.366	Migration: copied from 'D:\a\trader-bot\trader-bot\MT4_Portable\profiles\mql4.market.personal.dat' to 'C:\Users\runneradmin\AppData\Roaming\MetaQuotes\Terminal\AC02820828741D7F8BF7FB67EB739BA8\profiles\mql4.market.personal.dat'
0	09:13:39.366	Migration: copied from 'D:\a\trader-bot\trader-bot\MT4_Portable\profiles\mql5.chat.dat' to 'C:\Users\runneradmin\AppData\Roaming\MetaQuotes\Terminal\AC02820828741D7F8BF7FB67EB739BA8\profiles\mql5.chat.dat'
0	09:13:39.366	Migration: copied from 'D:\a\trader-bot\trader-bot\MT4_Portable\profiles\Swiss Franc\chart01.CHR' to 'C:\Users\runneradmin\AppData\Roaming\MetaQuotes\Terminal\AC02820828741D7F8BF7FB67EB739BA8\profiles\Swiss Franc\chart01.CHR'
0	09:13:39.366	Migration: copied from 'D:\a\trader-bot\trader-bot\MT4_Portable\profiles\Swiss Franc\chart02.CHR' to 'C:\Users\runneradmin\AppData\Roaming\MetaQuotes\Terminal\AC02820828741D7F8BF7FB67EB739BA8\profiles\Swiss Franc\chart02.CHR'
0	09:13:39.366	Migration: copied from 'D:\a\trader-bot\trader-bot\MT4_Portable\profiles\Swiss Franc\chart03.CHR' to 'C:\Users\runneradmin\AppData\Roaming\MetaQuotes\Terminal\AC02820828741D7F8BF7FB67EB739BA8\profiles\Swiss Franc\chart03.CHR'
0	09:13:39.366	Migration: copied from 'D:\a\trader-bot\trader-bot\MT4_Portable\profiles\Swiss Franc\order.wnd' to 'C:\Users\runneradmin\AppData\Roaming\MetaQuotes\Terminal\AC02820828741D7F8BF7FB67EB739BA8\profiles\Swiss Franc\order.wnd'
0	09:13:39.366	Migration: profiles folder copied from 'D:\a\trader-bot\trader-bot\MT4_Portable' to 'C:\Users\runneradmin\AppData\Roaming\MetaQuotes\Terminal\AC02820828741D7F8BF7FB67EB739BA8'
0	09:13:39.366	Migration: templates folder copied from 'D:\a\trader-bot\trader-bot\MT4_Portable' to 'C:\Users\runneradmin\AppData\Roaming\MetaQuotes\Terminal\AC02820828741D7F8BF7FB67EB739BA8'
0	09:13:39.381	Migration: copied from 'D:\a\trader-bot\trader-bot\MT4_Portable\MQL4\Experts\MACD Sample.ex4' to 'C:\Users\runneradmin\AppData\Roaming\MetaQuotes\Terminal\AC02820828741D7F8BF7FB67EB739BA8\MQL4\Experts\MACD Sample.ex4'
0	09:13:39.381	Migration: copied from 'D:\a\trader-bot\trader-bot\MT4_Portable\MQL4\Experts\MACD Sample.mq4' to 'C:\Users\runneradmin\AppData\Roaming\MetaQuotes\Terminal\AC02820828741D7F8BF7FB67EB739BA8\MQL4\Experts\MACD Sample.mq4'
0	09:13:39.381	Migration: copied from 'D:\a\trader-bot\trader-bot\MT4_Portable\MQL4\Experts\Market\AlgoTradeSoft Innovative EA.ex4' to 'C:\Users\runneradmin\AppData\Roaming\MetaQuotes\Terminal\AC02820828741D7F8BF7FB67EB739BA8\MQL4\Experts\Market\AlgoTradeSoft Innovative EA.ex4'
0	09:13:39.381	Migration: copied from 'D:\a\trader-bot\trader-bot\MT4_Portable\MQL4\Experts\Market\RaptorXM.ex4' to 'C:\Users\runneradmin\AppData\Roaming\MetaQuotes\Terminal\AC02820828741D7F8BF7FB67EB739BA8\MQL4\Experts\Market\RaptorXM.ex4'
0	09:13:39.381	Migration: copied from 'D:\a\trader-bot\trader-bot\MT4_Portable\MQL4\Experts\Moving Average.ex4' to 'C:\Users\runneradmin\AppData\Roaming\MetaQuotes\Terminal\AC02820828741D7F8BF7FB67EB739BA8\MQL4\Experts\Moving Average.ex4'
0	09:13:39.381	Migration: copied from 'D:\a\trader-bot\trader-bot\MT4_Portable\MQL4\Experts\Moving Average.mq4' to 'C:\Users\runneradmin\AppData\Roaming\MetaQuotes\Terminal\AC02820828741D7F8BF7FB67EB739BA8\MQL4\Experts\Moving Average.mq4'
0	09:13:39.381	Migration: copied from 'D:\a\trader-bot\trader-bot\MT4_Portable\MQL4\Experts\mqlcache.dat' to 'C:\Users\runneradmin\AppData\Roaming\MetaQuotes\Terminal\AC02820828741D7F8BF7FB67EB739BA8\MQL4\Experts\mqlcache.dat'
0	09:13:39.381	Migration: copied from 'D:\a\trader-bot\trader-bot\MT4_Portable\MQL4\Experts\Place_Order.ex4' to 'C:\Users\runneradmin\AppData\Roaming\MetaQuotes\Terminal\AC02820828741D7F8BF7FB67EB739BA8\MQL4\Experts\Place_Order.ex4'
0	09:13:39.381	Migration: copied from 'D:\a\trader-bot\trader-bot\MT4_Portable\MQL4\Experts\Place_Order.mq4' to 'C:\Users\runneradmin\AppData\Roaming\MetaQuotes\Terminal\AC02820828741D7F8BF7FB67EB739BA8\MQL4\Experts\Place_Order.mq4'
0	09:13:39.381	Migration: copied from 'D:\a\trader-bot\trader-bot\MT4_Portable\MQL4\Include\Alicia_Include_v17.mqh' to 'C:\Users\runneradmin\AppData\Roaming\MetaQuotes\Terminal\AC02820828741D7F8BF7FB67EB739BA8\MQL4\Include\Alicia_Include_v17.mqh'
0	09:13:39.381	Migration: copied from 'D:\a\trader-bot\trader-bot\MT4_Portable\MQL4\Include\Arrays\Array.mqh' to 'C:\Users\runneradmin\AppData\Roaming\MetaQuotes\Terminal\AC02820828741D7F8BF7FB67EB739BA8\MQL4\Include\Arrays\Array.mqh'
0	09:13:39.381	Migration: copied from 'D:\a\trader-bot\trader-bot\MT4_Portable\MQL4\Include\Arrays\ArrayChar.mqh' to 'C:\Users\runneradmin\AppData\Roaming\MetaQuotes\Terminal\AC02820828741D7F8BF7FB67EB739BA8\MQL4\Include\Arrays\ArrayChar.mqh'
0	09:13:39.381	Migration: copied from 'D:\a\trader-bot\trader-bot\MT4_Portable\MQL4\Include\Arrays\ArrayDouble.mqh' to 'C:\Users\runneradmin\AppData\Roaming\MetaQuotes\Terminal\AC02820828741D7F8BF7FB67EB739BA8\MQL4\Include\Arrays\ArrayDouble.mqh'
0	09:13:39.381	Migration: copied from 'D:\a\trader-bot\trader-bot\MT4_Portable\MQL4\Include\Arrays\ArrayFloat.mqh' to 'C:\Users\runneradmin\AppData\Roaming\MetaQuotes\Terminal\AC02820828741D7F8BF7FB67EB739BA8\MQL4\Include\Arrays\ArrayFloat.mqh'
0	09:13:39.381	Migration: copied from 'D:\a\trader-bot\trader-bot\MT4_Portable\MQL4\Include\Arrays\ArrayInt.mqh' to 'C:\Users\runneradmin\AppData\Roaming\MetaQuotes\Terminal\AC02820828741D7F8BF7FB67EB739BA8\MQL4\Include\Arrays\ArrayInt.mqh'
0	09:13:39.381	Migration: copied from 'D:\a\trader-bot\trader-bot\MT4_Portable\MQL4\Include\Arrays\ArrayLong.mqh' to 'C:\Users\runneradmin\AppData\Roaming\MetaQuotes\Terminal\AC02820828741D7F8BF7FB67EB739BA8\MQL4\Include\Arrays\ArrayLong.mqh'
0	09:13:39.381	Migration: copied from 'D:\a\trader-bot\trader-bot\MT4_Portable\MQL4\Include\Arrays\ArrayObj.mqh' to 'C:\Users\runneradmin\AppData\Roaming\MetaQuotes\Terminal\AC02820828741D7F8BF7FB67EB739BA8\MQL4\Include\Arrays\ArrayObj.mqh'
0	09:13:39.397	Migration: copied from 'D:\a\trader-bot\trader-bot\MT4_Portable\MQL4\Include\Arrays\ArrayShort.mqh' to 'C:\Users\runneradmin\AppData\Roaming\MetaQuotes\Terminal\AC02820828741D7F8BF7FB67EB739BA8\MQL4\Include\Arrays\ArrayShort.mqh'
0	09:13:39.397	Migration: copied from 'D:\a\trader-bot\trader-bot\MT4_Portable\MQL4\Include\Arrays\ArrayString.mqh' to 'C:\Users\runneradmin\AppData\Roaming\MetaQuotes\Terminal\AC02820828741D7F8BF7FB67EB739BA8\MQL4\Include\Arrays\ArrayString.mqh'
0	09:13:39.397	Migration: copied from 'D:\a\trader-bot\trader-bot\MT4_Portable\MQL4\Include\Arrays\List.mqh' to 'C:\Users\runneradmin\AppData\Roaming\MetaQuotes\Terminal\AC02820828741D7F8BF7FB67EB739BA8\MQL4\Include\Arrays\List.mqh'
0	09:13:39.397	Migration: copied from 'D:\a\trader-bot\trader-bot\MT4_Portable\MQL4\Include\Arrays\Tree.mqh' to 'C:\Users\runneradmin\AppData\Roaming\MetaQuotes\Terminal\AC02820828741D7F8BF7FB67EB739BA8\MQL4\Include\Arrays\Tree.mqh'
0	09:13:39.397	Migration: copied from 'D:\a\trader-bot\trader-bot\MT4_Portable\MQL4\Include\Arrays\TreeNode.mqh' to 'C:\Users\runneradmin\AppData\Roaming\MetaQuotes\Terminal\AC02820828741D7F8BF7FB67EB739BA8\MQL4\Include\Arrays\TreeNode.mqh'
0	09:13:39.397	Migration: copied from 'D:\a\trader-bot\trader-bot\MT4_Portable\MQL4\Include\b-Profitunity_MT4.mqh' to 'C:\Users\runneradmin\AppData\Roaming\MetaQuotes\Terminal\AC02820828741D7F8BF7FB67EB739BA8\MQL4\Include\b-Profitunity_MT4.mqh'
0	09:13:39.397	Migration: copied from 'D:\a\trader-bot\trader-bot\MT4_Portable\MQL4\Include\Canvas\Canvas.mqh' to 'C:\Users\runneradmin\AppData\Roaming\MetaQuotes\Terminal\AC02820828741D7F8BF7FB67EB739BA8\MQL4\Include\Canvas\Canvas.mqh'
0	09:13:39.402	Migration: copied from 'D:\a\trader-bot\trader-bot\MT4_Portable\MQL4\Include\ChartObjects\ChartObject.mqh' to 'C:\Users\runneradmin\AppData\Roaming\MetaQuotes\Terminal\AC02820828741D7F8BF7FB67EB739BA8\MQL4\Include\ChartObjects\ChartObject.mqh'
0	09:13:39.402	Migration: copied from 'D:\a\trader-bot\trader-bot\MT4_Portable\MQL4\Include\ChartObjects\ChartObjectPanel.mqh' to 'C:\Users\runneradmin\AppData\Roaming\MetaQuotes\Terminal\AC02820828741D7F8BF7FB67EB739BA8\MQL4\Include\ChartObjects\ChartObjectPanel.mqh'
0	09:13:39.404	Migration: copied from 'D:\a\trader-bot\trader-bot\MT4_Portable\MQL4\Include\ChartObjects\ChartObjectsArrows.mqh' to 'C:\Users\runneradmin\AppData\Roaming\MetaQuotes\Terminal\AC02820828741D7F8BF7FB67EB739BA8\MQL4\Include\ChartObjects\ChartObjectsArrows.mqh'
0	09:13:39.404	Migration: copied from 'D:\a\trader-bot\trader-bot\MT4_Portable\MQL4\Include\ChartObjects\ChartObjectsBmpControls.mqh' to 'C:\Users\runneradmin\AppData\Roaming\MetaQuotes\Terminal\AC02820828741D7F8BF7FB67EB739BA8\MQL4\Include\ChartObjects\ChartObjectsBmpControls.mqh'
0	09:13:39.404	Migration: copied from 'D:\a\trader-bot\trader-bot\MT4_Portable\MQL4\Include\ChartObjects\ChartObjectsChannels.mqh' to 'C:\Users\runneradmin\AppData\Roaming\MetaQuotes\Terminal\AC02820828741D7F8BF7FB67EB739BA8\MQL4\Include\ChartObjects\ChartObjectsChannels.mqh'
0	09:13:39.404	Migration: copied from 'D:\a\trader-bot\trader-bot\MT4_Portable\MQL4\Include\ChartObjects\ChartObjectsFibo.mqh' to 'C:\Users\runneradmin\AppData\Roaming\MetaQuotes\Terminal\AC02820828741D7F8BF7FB67EB739BA8\MQL4\Include\ChartObjects\ChartObjectsFibo.mqh'
0	09:13:39.404	Migration: copied from 'D:\a\trader-bot\trader-bot\MT4_Portable\MQL4\Include\ChartObjects\ChartObjectsGann.mqh' to 'C:\Users\runneradmin\AppData\Roaming\MetaQuotes\Terminal\AC02820828741D7F8BF7FB67EB739BA8\MQL4\Include\ChartObjects\ChartObjectsGann.mqh'
0	09:13:39.404	Migration: copied from 'D:\a\trader-bot\trader-bot\MT4_Portable\MQL4\Include\ChartObjects\ChartObjectsLines.mqh' to 'C:\Users\runneradmin\AppData\Roaming\MetaQuotes\Terminal\AC02820828741D7F8BF7FB67EB739BA8\MQL4\Include\ChartObjects\ChartObjectsLines.mqh'
0	09:13:39.404	Migration: copied from 'D:\a\trader-bot\trader-bot\MT4_Portable\MQL4\Include\ChartObjects\ChartObjectsShapes.mqh' to 'C:\Users\runneradmin\AppData\Roaming\MetaQuotes\Terminal\AC02820828741D7F8BF7FB67EB739BA8\MQL4\Include\ChartObjects\ChartObjectsShapes.mqh'
0	09:13:39.404	Migration: copied from 'D:\a\trader-bot\trader-bot\MT4_Portable\MQL4\Include\ChartObjects\ChartObjectsTxtControls.mqh' to 'C:\Users\runneradmin\AppData\Roaming\MetaQuotes\Terminal\AC02820828741D7F8BF7FB67EB739BA8\MQL4\Include\ChartObjects\ChartObjectsTxtControls.mqh'
0	09:13:39.404	Migration: copied from 'D:\a\trader-bot\trader-bot\MT4_Portable\MQL4\Include\Charts\Chart.mqh' to 'C:\Users\runneradmin\AppData\Roaming\MetaQuotes\Terminal\AC02820828741D7F8BF7FB67EB739BA8\MQL4\Include\Charts\Chart.mqh'
0	09:13:39.404	Migration: copied from 'D:\a\trader-bot\trader-bot\MT4_Portable\MQL4\Include\Controls\BmpButton.mqh' to 'C:\Users\runneradmin\AppData\Roaming\MetaQuotes\Terminal\AC02820828741D7F8BF7FB67EB739BA8\MQL4\Include\Controls\BmpButton.mqh'
0	09:13:39.404	Migration: copied from 'D:\a\trader-bot\trader-bot\MT4_Portable\MQL4\Include\Controls\Button.mqh' to 'C:\Users\runneradmin\AppData\Roaming\MetaQuotes\Terminal\AC02820828741D7F8BF7FB67EB739BA8\MQL4\Include\Controls\Button.mqh'
0	09:13:39.404	Migration: copied from 'D:\a\trader-bot\trader-bot\MT4_Portable\MQL4\Include\Controls\CheckBox.mqh' to 'C:\Users\runneradmin\AppData\Roaming\MetaQuotes\Terminal\AC02820828741D7F8BF7FB67EB739BA8\MQL4\Include\Controls\CheckBox.mqh'
0	09:13:39.404	Migration: copied from 'D:\a\trader-bot\trader-bot\MT4_Portable\MQL4\Include\Controls\CheckGroup.mqh' to 'C:\Users\runneradmin\AppData\Roaming\MetaQuotes\Terminal\AC02820828741D7F8BF7FB67EB739BA8\MQL4\Include\Controls\CheckGroup.mqh'
0	09:13:39.413	Migration: copied from 'D:\a\trader-bot\trader-bot\MT4_Portable\MQL4\Include\Controls\ComboBox.mqh' to 'C:\Users\runneradmin\AppData\Roaming\MetaQuotes\Terminal\AC02820828741D7F8BF7FB67EB739BA8\MQL4\Include\Controls\ComboBox.mqh'
0	09:13:39.413	Migration: copied from 'D:\a\trader-bot\trader-bot\MT4_Portable\MQL4\Include\Controls\DateDropList.mqh' to 'C:\Users\runneradmin\AppData\Roaming\MetaQuotes\Terminal\AC02820828741D7F8BF7FB67EB739BA8\MQL4\Include\Controls\DateDropList.mqh'
0	09:13:39.413	Migration: copied from 'D:\a\trader-bot\trader-bot\MT4_Portable\MQL4\Include\Controls\DatePicker.mqh' to 'C:\Users\runneradmin\AppData\Roaming\MetaQuotes\Terminal\AC02820828741D7F8BF7FB67EB739BA8\MQL4\Include\Controls\DatePicker.mqh'
0	09:13:39.413	Migration: copied from 'D:\a\trader-bot\trader-bot\MT4_Portable\MQL4\Include\Controls\Defines.mqh' to 'C:\Users\runneradmin\AppData\Roaming\MetaQuotes\Terminal\AC02820828741D7F8BF7FB67EB739BA8\MQL4\Include\Controls\Defines.mqh'
0	09:13:39.413	Migration: copied from 'D:\a\trader-bot\trader-bot\MT4_Portable\MQL4\Include\Controls\Dialog.mqh' to 'C:\Users\runneradmin\AppData\Roaming\MetaQuotes\Terminal\AC02820828741D7F8BF7FB67EB739BA8\MQL4\Include\Controls\Dialog.mqh'
0	09:13:39.413	Migration: copied from 'D:\a\trader-bot\trader-bot\MT4_Portable\MQL4\Include\Controls\Edit.mqh' to 'C:\Users\runneradmin\AppData\Roaming\MetaQuotes\Terminal\AC02820828741D7F8BF7FB67EB739BA8\MQL4\Include\Controls\Edit.mqh'
0	09:13:39.413	Migration: copied from 'D:\a\trader-bot\trader-bot\MT4_Portable\MQL4\Include\Controls\Label.mqh' to 'C:\Users\runneradmin\AppData\Roaming\MetaQuotes\Terminal\AC02820828741D7F8BF7FB67EB739BA8\MQL4\Include\Controls\Label.mqh'
0	09:13:39.413	Migration: copied from 'D:\a\trader-bot\trader-bot\MT4_Portable\MQL4\Include\Controls\ListView.mqh' to 'C:\Users\runneradmin\AppData\Roaming\MetaQuotes\Terminal\AC02820828741D7F8BF7FB67EB739BA8\MQL4\Include\Controls\ListView.mqh'
0	09:13:39.413	Migration: copied from 'D:\a\trader-bot\trader-bot\MT4_Portable\MQL4\Include\Controls\Panel.mqh' to 'C:\Users\runneradmin\AppData\Roaming\MetaQuotes\Terminal\AC02820828741D7F8BF7FB67EB739BA8\MQL4\Include\Controls\Panel.mqh'
0	09:13:39.413	Migration: copied from 'D:\a\trader-bot\trader-bot\MT4_Portable\MQL4\Include\Controls\Picture.mqh' to 'C:\Users\runneradmin\AppData\Roaming\MetaQuotes\Terminal\AC02820828741D7F8BF7FB67EB739BA8\MQL4\Include\Controls\Picture.mqh'
0	09:13:39.413	Migration: copied from 'D:\a\trader-bot\trader-bot\MT4_Portable\MQL4\Include\Controls\RadioButton.mqh' to 'C:\Users\runneradmin\AppData\Roaming\MetaQuotes\Terminal\AC02820828741D7F8BF7FB67EB739BA8\MQL4\Include\Controls\RadioButton.mqh'
0	09:13:39.413	Migration: copied from 'D:\a\trader-bot\trader-bot\MT4_Portable\MQL4\Include\Controls\RadioGroup.mqh' to 'C:\Users\runneradmin\AppData\Roaming\MetaQuotes\Terminal\AC02820828741D7F8BF7FB67EB739BA8\MQL4\Include\Controls\RadioGroup.mqh'
0	09:13:39.413	Migration: copied from 'D:\a\trader-bot\trader-bot\MT4_Portable\MQL4\Include\Controls\Rect.mqh' to 'C:\Users\runneradmin\AppData\Roaming\MetaQuotes\Terminal\AC02820828741D7F8BF7FB67EB739BA8\MQL4\Include\Controls\Rect.mqh'
0	09:13:39.413	Migration: copied from 'D:\a\trader-bot\trader-bot\MT4_Portable\MQL4\Include\Controls\res\CheckBoxOff.bmp' to 'C:\Users\runneradmin\AppData\Roaming\MetaQuotes\Terminal\AC02820828741D7F8BF7FB67EB739BA8\MQL4\Include\Controls\res\CheckBoxOff.bmp'
0	09:13:39.413	Migration: copied from 'D:\a\trader-bot\trader-bot\MT4_Portable\MQL4\Include\Controls\res\CheckBoxOn.bmp' to 'C:\Users\runneradmin\AppData\Roaming\MetaQuotes\Terminal\AC02820828741D7F8BF7FB67EB739BA8\MQL4\Include\Controls\res\CheckBoxOn.bmp'
0	09:13:39.413	Migration: copied from 'D:\a\trader-bot\trader-bot\MT4_Portable\MQL4\Include\Controls\res\Close.bmp' to 'C:\Users\runneradmin\AppData\Roaming\MetaQuotes\Terminal\AC02820828741D7F8BF7FB67EB739BA8\MQL4\Include\Controls\res\Close.bmp'
0	09:13:39.413	Migration: copied from 'D:\a\trader-bot\trader-bot\MT4_Portable\MQL4\Include\Controls\res\CloseDisable.bmp' to 'C:\Users\runneradmin\AppData\Roaming\MetaQuotes\Terminal\AC02820828741D7F8BF7FB67EB739BA8\MQL4\Include\Controls\res\CloseDisable.bmp'
0	09:13:39.413	Migration: copied from 'D:\a\trader-bot\trader-bot\MT4_Portable\MQL4\Include\Controls\res\CloseOff.bmp' to 'C:\Users\runneradmin\AppData\Roaming\MetaQuotes\Terminal\AC02820828741D7F8BF7FB67EB739BA8\MQL4\Include\Controls\res\CloseOff.bmp'
0	09:13:39.413	Migration: copied from 'D:\a\trader-bot\trader-bot\MT4_Portable\MQL4\Include\Controls\res\CloseOn.bmp' to 'C:\Users\runneradmin\AppData\Roaming\MetaQuotes\Terminal\AC02820828741D7F8BF7FB67EB739BA8\MQL4\Include\Controls\res\CloseOn.bmp'
0	09:13:39.413	Migration: copied from 'D:\a\trader-bot\trader-bot\MT4_Portable\MQL4\Include\Controls\res\DateDropOff.bmp' to 'C:\Users\runneradmin\AppData\Roaming\MetaQuotes\Terminal\AC02820828741D7F8BF7FB67EB739BA8\MQL4\Include\Controls\res\DateDropOff.bmp'
0	09:13:39.413	Migration: copied from 'D:\a\trader-bot\trader-bot\MT4_Portable\MQL4\Include\Controls\res\DateDropOn.bmp' to 'C:\Users\runneradmin\AppData\Roaming\MetaQuotes\Terminal\AC02820828741D7F8BF7FB67EB739BA8\MQL4\Include\Controls\res\DateDropOn.bmp'
0	09:13:39.413	Migration: copied from 'D:\a\trader-bot\trader-bot\MT4_Portable\MQL4\Include\Controls\res\Down.bmp' to 'C:\Users\runneradmin\AppData\Roaming\MetaQuotes\Terminal\AC02820828741D7F8BF7FB67EB739BA8\MQL4\Include\Controls\res\Down.bmp'
0	09:13:39.413	Migration: copied from 'D:\a\trader-bot\trader-bot\MT4_Portable\MQL4\Include\Controls\res\DownDisable.bmp' to 'C:\Users\runneradmin\AppData\Roaming\MetaQuotes\Terminal\AC02820828741D7F8BF7FB67EB739BA8\MQL4\Include\Controls\res\DownDisable.bmp'
0	09:13:39.413	Migration: copied from 'D:\a\trader-bot\trader-bot\MT4_Portable\MQL4\Include\Controls\res\DownSmall.bmp' to 'C:\Users\runneradmin\AppData\Roaming\MetaQuotes\Terminal\AC02820828741D7F8BF7FB67EB739BA8\MQL4\Include\Controls\res\DownSmall.bmp'
0	09:13:39.413	Migration: copied from 'D:\a\trader-bot\trader-bot\MT4_Portable\MQL4\Include\Controls\res\DownTransp.bmp' to 'C:\Users\runneradmin\AppData\Roaming\MetaQuotes\Terminal\AC02820828741D7F8BF7FB67EB739BA8\MQL4\Include\Controls\res\DownTransp.bmp'
0	09:13:39.413	Migration: copied from 'D:\a\trader-bot\trader-bot\MT4_Portable\MQL4\Include\Controls\res\down_smoll.bmp' to 'C:\Users\runneradmin\AppData\Roaming\MetaQuotes\Terminal\AC02820828741D7F8BF7FB67EB739BA8\MQL4\Include\Controls\res\down_smoll.bmp'
0	09:13:39.429	Migration: copied from 'D:\a\trader-bot\trader-bot\MT4_Portable\MQL4\Include\Controls\res\DropOff.bmp' to 'C:\Users\runneradmin\AppData\Roaming\MetaQuotes\Terminal\AC02820828741D7F8BF7FB67EB739BA8\MQL4\Include\Controls\res\DropOff.bmp'
0	09:13:39.429	Migration: copied from 'D:\a\trader-bot\trader-bot\MT4_Portable\MQL4\Include\Controls\res\DropOn.bmp' to 'C:\Users\runneradmin\AppData\Roaming\MetaQuotes\Terminal\AC02820828741D7F8BF7FB67EB739BA8\MQL4\Include\Controls\res\DropOn.bmp'
0	09:13:39.429	Migration: copied from 'D:\a\trader-bot\trader-bot\MT4_Portable\MQL4\Include\Controls\res\ExpandDisable.bmp' to 'C:\Users\runneradmin\AppData\Roaming\MetaQuotes\Terminal\AC02820828741D7F8BF7FB67EB739BA8\MQL4\Include\Controls\res\ExpandDisable.bmp'
0	09:13:39.429	Migration: copied from 'D:\a\trader-bot\trader-bot\MT4_Portable\MQL4\Include\Controls\res\ExpandOff.bmp' to 'C:\Users\runneradmin\AppData\Roaming\MetaQuotes\Terminal\AC02820828741D7F8BF7FB67EB739BA8\MQL4\Include\Controls\res\ExpandOff.bmp'
0	09:13:39.429	Migration: copied from 'D:\a\trader-bot\trader-bot\MT4_Portable\MQL4\Include\Controls\res\ExpandOn.bmp' to 'C:\Users\runneradmin\AppData\Roaming\MetaQuotes\Terminal\AC02820828741D7F8BF7FB67EB739BA8\MQL4\Include\Controls\res\ExpandOn.bmp'
0	09:13:39.429	Migration: copied from 'D:\a\trader-bot\trader-bot\MT4_Portable\MQL4\Include\Controls\res\HelpDisable.bmp' to 'C:\Users\runneradmin\AppData\Roaming\MetaQuotes\Terminal\AC02820828741D7F8BF7FB67EB739BA8\MQL4\Include\Controls\res\HelpDisable.bmp'
0	09:13:39.429	Migration: copied from 'D:\a\trader-bot\trader-bot\MT4_Portable\MQL4\Include\Controls\res\HelpOff.bmp' to 'C:\Users\runneradmin\AppData\Roaming\MetaQuotes\Terminal\AC02820828741D7F8BF7FB67EB739BA8\MQL4\Include\Controls\res\HelpOff.bmp'
0	09:13:39.429	Migration: copied from 'D:\a\trader-bot\trader-bot\MT4_Portable\MQL4\Include\Controls\res\HelpOn.bmp' to 'C:\Users\runneradmin\AppData\Roaming\MetaQuotes\Terminal\AC02820828741D7F8BF7FB67EB739BA8\MQL4\Include\Controls\res\HelpOn.bmp'
0	09:13:39.429	Migration: copied from 'D:\a\trader-bot\trader-bot\MT4_Portable\MQL4\Include\Controls\res\Left.bmp' to 'C:\Users\runneradmin\AppData\Roaming\MetaQuotes\Terminal\AC02820828741D7F8BF7FB67EB739BA8\MQL4\Include\Controls\res\Left.bmp'
0	09:13:39.429	Migration: copied from 'D:\a\trader-bot\trader-bot\MT4_Portable\MQL4\Include\Controls\res\LeftDisable.bmp' to 'C:\Users\runneradmin\AppData\Roaming\MetaQuotes\Terminal\AC02820828741D7F8BF7FB67EB739BA8\MQL4\Include\Controls\res\LeftDisable.bmp'
0	09:13:39.429	Migration: copied from 'D:\a\trader-bot\trader-bot\MT4_Portable\MQL4\Include\Controls\res\LeftTransp.bmp' to 'C:\Users\runneradmin\AppData\Roaming\MetaQuotes\Terminal\AC02820828741D7F8BF7FB67EB739BA8\MQL4\Include\Controls\res\LeftTransp.bmp'
0	09:13:39.429	Migration: copied from 'D:\a\trader-bot\trader-bot\MT4_Portable\MQL4\Include\Controls\res\RadioButtonOff.bmp' to 'C:\Users\runneradmin\AppData\Roaming\MetaQuotes\Terminal\AC02820828741D7F8BF7FB67EB739BA8\MQL4\Include\Controls\res\RadioButtonOff.bmp'
0	09:13:39.429	Migration: copied from 'D:\a\trader-bot\trader-bot\MT4_Portable\MQL4\Include\Controls\res\RadioButtonOn.bmp' to 'C:\Users\runneradmin\AppData\Roaming\MetaQuotes\Terminal\AC02820828741D7F8BF7FB67EB739BA8\MQL4\Include\Controls\res\RadioButtonOn.bmp'
0	09:13:39.429	Migration: copied from 'D:\a\trader-bot\trader-bot\MT4_Portable\MQL4\Include\Controls\res\Restore.bmp' to 'C:\Users\runneradmin\AppData\Roaming\MetaQuotes\Terminal\AC02820828741D7F8BF7FB67EB739BA8\MQL4\Include\Controls\res\Restore.bmp'
0	09:13:39.429	Migration: copied from 'D:\a\trader-bot\trader-bot\MT4_Portable\MQL4\Include\Controls\res\RestoreDisable.bmp' to 'C:\Users\runneradmin\AppData\Roaming\MetaQuotes\Terminal\AC02820828741D7F8BF7FB67EB739BA8\MQL4\Include\Controls\res\RestoreDisable.bmp'
0	09:13:39.429	Migration: copied from 'D:\a\trader-bot\trader-bot\MT4_Portable\MQL4\Include\Controls\res\RestoreOff.bmp' to 'C:\Users\runneradmin\AppData\Roaming\MetaQuotes\Terminal\AC02820828741D7F8BF7FB67EB739BA8\MQL4\Include\Controls\res\RestoreOff.bmp'
0	09:13:39.429	Migration: copied from 'D:\a\trader-bot\trader-bot\MT4_Portable\MQL4\Include\Controls\res\RestoreOn.bmp' to 'C:\Users\runneradmin\AppData\Roaming\MetaQuotes\Terminal\AC02820828741D7F8BF7FB67EB739BA8\MQL4\Include\Controls\res\RestoreOn.bmp'
0	09:13:39.429	Migration: copied from 'D:\a\trader-bot\trader-bot\MT4_Portable\MQL4\Include\Controls\res\Right.bmp' to 'C:\Users\runneradmin\AppData\Roaming\MetaQuotes\Terminal\AC02820828741D7F8BF7FB67EB739BA8\MQL4\Include\Controls\res\Right.bmp'
0	09:13:39.429	Migration: copied from 'D:\a\trader-bot\trader-bot\MT4_Portable\MQL4\Include\Controls\res\RightDisable.bmp' to 'C:\Users\runneradmin\AppData\Roaming\MetaQuotes\Terminal\AC02820828741D7F8BF7FB67EB739BA8\MQL4\Include\Controls\res\RightDisable.bmp'
0	09:13:39.429	Migration: copied from 'D:\a\trader-bot\trader-bot\MT4_Portable\MQL4\Include\Controls\res\RightTransp.bmp' to 'C:\Users\runneradmin\AppData\Roaming\MetaQuotes\Terminal\AC02820828741D7F8BF7FB67EB739BA8\MQL4\Include\Controls\res\RightTransp.bmp'
0	09:13:39.429	Migration: copied from 'D:\a\trader-bot\trader-bot\MT4_Portable\MQL4\Include\Controls\res\SpinDec.bmp' to 'C:\Users\runneradmin\AppData\Roaming\MetaQuotes\Terminal\AC02820828741D7F8BF7FB67EB739BA8\MQL4\Include\Controls\res\SpinDec.bmp'
0	09:13:39.429	Migration: copied from 'D:\a\trader-bot\trader-bot\MT4_Portable\MQL4\Include\Controls\res\SpinInc.bmp' to 'C:\Users\runneradmin\AppData\Roaming\MetaQuotes\Terminal\AC02820828741D7F8BF7FB67EB739BA8\MQL4\Include\Controls\res\SpinInc.bmp'
0	09:13:39.429	Migration: copied from 'D:\a\trader-bot\trader-bot\MT4_Portable\MQL4\Include\Controls\res\ThumbHor.bmp' to 'C:\Users\runneradmin\AppData\Roaming\MetaQuotes\Terminal\AC02820828741D7F8BF7FB67EB739BA8\MQL4\Include\Controls\res\ThumbHor.bmp'
0	09:13:39.429	Migration: copied from 'D:\a\trader-bot\trader-bot\MT4_Portable\MQL4\Include\Controls\res\ThumbHorDisable.bmp' to 'C:\Users\runneradmin\AppData\Roaming\MetaQuotes\Terminal\AC02820828741D7F8BF7FB67EB739BA8\MQL4\Include\Controls\res\ThumbHorDisable.bmp'
0	09:13:39.429	Migration: copied from 'D:\a\trader-bot\trader-bot\MT4_Portable\MQL4\Include\Controls\res\ThumbVert.bmp' to 'C:\Users\runneradmin\AppData\Roaming\MetaQuotes\Terminal\AC02820828741D7F8BF7FB67EB739BA8\MQL4\Include\Controls\res\ThumbVert.bmp'
0	09:13:39.444	Migration: copied from 'D:\a\trader-bot\trader-bot\MT4_Portable\MQL4\Include\Controls\res\ThumbVertDisable.bmp' to 'C:\Users\runneradmin\AppData\Roaming\MetaQuotes\Terminal\AC02820828741D7F8BF7FB67EB739BA8\MQL4\Include\Controls\res\ThumbVertDisable.bmp'
0	09:13:39.444	Migration: copied from 'D:\a\trader-bot\trader-bot\MT4_Portable\MQL4\Include\Controls\res\Turn.bmp' to 'C:\Users\runneradmin\AppData\Roaming\MetaQuotes\Terminal\AC02820828741D7F8BF7FB67EB739BA8\MQL4\Include\Controls\res\Turn.bmp'
0	09:13:39.444	Migration: copied from 'D:\a\trader-bot\trader-bot\MT4_Portable\MQL4\Include\Controls\res\TurnOff.bmp' to 'C:\Users\runneradmin\AppData\Roaming\MetaQuotes\Terminal\AC02820828741D7F8BF7FB67EB739BA8\MQL4\Include\Controls\res\TurnOff.bmp'
0	09:13:39.444	Migration: copied from 'D:\a\trader-bot\trader-bot\MT4_Portable\MQL4\Include\Controls\res\TurnOn.bmp' to 'C:\Users\runneradmin\AppData\Roaming\MetaQuotes\Terminal\AC02820828741D7F8BF7FB67EB739BA8\MQL4\Include\Controls\res\TurnOn.bmp'
0	09:13:39.444	Migration: copied from 'D:\a\trader-bot\trader-bot\MT4_Portable\MQL4\Include\Controls\res\Up.bmp' to 'C:\Users\runneradmin\AppData\Roaming\MetaQuotes\Terminal\AC02820828741D7F8BF7FB67EB739BA8\MQL4\Include\Controls\res\Up.bmp'
0	09:13:39.444	Migration: copied from 'D:\a\trader-bot\trader-bot\MT4_Portable\MQL4\Include\Controls\res\UpDisable.bmp' to 'C:\Users\runneradmin\AppData\Roaming\MetaQuotes\Terminal\AC02820828741D7F8BF7FB67EB739BA8\MQL4\Include\Controls\res\UpDisable.bmp'
0	09:13:39.444	Migration: copied from 'D:\a\trader-bot\trader-bot\MT4_Portable\MQL4\Include\Controls\res\UpSmall.bmp' to 'C:\Users\runneradmin\AppData\Roaming\MetaQuotes\Terminal\AC02820828741D7F8BF7FB67EB739BA8\MQL4\Include\Controls\res\UpSmall.bmp'
0	09:13:39.444	Migration: copied from 'D:\a\trader-bot\trader-bot\MT4_Portable\MQL4\Include\Controls\res\UpTransp.bmp' to 'C:\Users\runneradmin\AppData\Roaming\MetaQuotes\Terminal\AC02820828741D7F8BF7FB67EB739BA8\MQL4\Include\Controls\res\UpTransp.bmp'
0	09:13:39.444	Migration: copied from 'D:\a\trader-bot\trader-bot\MT4_Portable\MQL4\Include\Controls\res\up_smoll.bmp' to 'C:\Users\runneradmin\AppData\Roaming\MetaQuotes\Terminal\AC02820828741D7F8BF7FB67EB739BA8\MQL4\Include\Controls\res\up_smoll.bmp'
0	09:13:39.444	Migration: copied from 'D:\a\trader-bot\trader-bot\MT4_Portable\MQL4\Include\Controls\Scrolls.mqh' to 'C:\Users\runneradmin\AppData\Roaming\MetaQuotes\Terminal\AC02820828741D7F8BF7FB67EB739BA8\MQL4\Include\Controls\Scrolls.mqh'
0	09:13:39.444	Migration: copied from 'D:\a\trader-bot\trader-bot\MT4_Portable\MQL4\Include\Controls\SpinEdit.mqh' to 'C:\Users\runneradmin\AppData\Roaming\MetaQuotes\Terminal\AC02820828741D7F8BF7FB67EB739BA8\MQL4\Include\Controls\SpinEdit.mqh'
0	09:13:39.444	Migration: copied from 'D:\a\trader-bot\trader-bot\MT4_Portable\MQL4\Include\Controls\TimePicker.mqh' to 'C:\Users\runneradmin\AppData\Roaming\MetaQuotes\Terminal\AC02820828741D7F8BF7FB67EB739BA8\MQL4\Include\Controls\TimePicker.mqh'
0	09:13:39.444	Migration: copied from 'D:\a\trader-bot\trader-bot\MT4_Portable\MQL4\Include\Controls\Wnd.mqh' to 'C:\Users\runneradmin\AppData\Roaming\MetaQuotes\Terminal\AC02820828741D7F8BF7FB67EB739BA8\MQL4\Include\Controls\Wnd.mqh'
0	09:13:39.444	Migration: copied from 'D:\a\trader-bot\trader-bot\MT4_Portable\MQL4\Include\Controls\WndClient.mqh' to 'C:\Users\runneradmin\AppData\Roaming\MetaQuotes\Terminal\AC02820828741D7F8BF7FB67EB739BA8\MQL4\Include\Controls\WndClient.mqh'
0	09:13:39.444	Migration: copied from 'D:\a\trader-bot\trader-bot\MT4_Portable\MQL4\Include\Controls\WndContainer.mqh' to 'C:\Users\runneradmin\AppData\Roaming\MetaQuotes\Terminal\AC02820828741D7F8BF7FB67EB739BA8\MQL4\Include\Controls\WndContainer.mqh'
0	09:13:39.444	Migration: copied from 'D:\a\trader-bot\trader-bot\MT4_Portable\MQL4\Include\Controls\WndObj.mqh' to 'C:\Users\runneradmin\AppData\Roaming\MetaQuotes\Terminal\AC02820828741D7F8BF7FB67EB739BA8\MQL4\Include\Controls\WndObj.mqh'
0	09:13:39.444	Migration: copied from 'D:\a\trader-bot\trader-bot\MT4_Portable\MQL4\Include\Files\File.mqh' to 'C:\Users\runneradmin\AppData\Roaming\MetaQuotes\Terminal\AC02820828741D7F8BF7FB67EB739BA8\MQL4\Include\Files\File.mqh'
0	09:13:39.444	Migration: copied from 'D:\a\trader-bot\trader-bot\MT4_Portable\MQL4\Include\Files\FileBin.mqh' to 'C:\Users\runneradmin\AppData\Roaming\MetaQuotes\Terminal\AC02820828741D7F8BF7FB67EB739BA8\MQL4\Include\Files\FileBin.mqh'
0	09:13:39.444	Migration: copied from 'D:\a\trader-bot\trader-bot\MT4_Portable\MQL4\Include\Files\FilePipe.mqh' to 'C:\Users\runneradmin\AppData\Roaming\MetaQuotes\Terminal\AC02820828741D7F8BF7FB67EB739BA8\MQL4\Include\Files\FilePipe.mqh'
0	09:13:39.444	Migration: copied from 'D:\a\trader-bot\trader-bot\MT4_Portable\MQL4\Include\Files\FileTxt.mqh' to 'C:\Users\runneradmin\AppData\Roaming\MetaQuotes\Terminal\AC02820828741D7F8BF7FB67EB739BA8\MQL4\Include\Files\FileTxt.mqh'
0	09:13:39.444	Migration: copied from 'D:\a\trader-bot\trader-bot\MT4_Portable\MQL4\Include\Indicators\BillWilliams.mqh' to 'C:\Users\runneradmin\AppData\Roaming\MetaQuotes\Terminal\AC02820828741D7F8BF7FB67EB739BA8\MQL4\Include\Indicators\BillWilliams.mqh'
0	09:13:39.444	Migration: copied from 'D:\a\trader-bot\trader-bot\MT4_Portable\MQL4\Include\Indicators\Custom.mqh' to 'C:\Users\runneradmin\AppData\Roaming\MetaQuotes\Terminal\AC02820828741D7F8BF7FB67EB739BA8\MQL4\Include\Indicators\Custom.mqh'
0	09:13:39.444	Migration: copied from 'D:\a\trader-bot\trader-bot\MT4_Portable\MQL4\Include\Indicators\Indicator.mqh' to 'C:\Users\runneradmin\AppData\Roaming\MetaQuotes\Terminal\AC02820828741D7F8BF7FB67EB739BA8\MQL4\Include\Indicators\Indicator.mqh'
0	09:13:39.444	Migration: copied from 'D:\a\trader-bot\trader-bot\MT4_Portable\MQL4\Include\Indicators\Indicators.mqh' to 'C:\Users\runneradmin\AppData\Roaming\MetaQuotes\Terminal\AC02820828741D7F8BF7FB67EB739BA8\MQL4\Include\Indicators\Indicators.mqh'
0	09:13:39.444	Migration: copied from 'D:\a\trader-bot\trader-bot\MT4_Portable\MQL4\Include\Indicators\Oscilators.mqh' to 'C:\Users\runneradmin\AppData\Roaming\MetaQuotes\Terminal\AC02820828741D7F8BF7FB67EB739BA8\MQL4\Include\Indicators\Oscilators.mqh'
0	09:13:39.444	Migration: copied from 'D:\a\trader-bot\trader-bot\MT4_Portable\MQL4\Include\Indicators\Series.mqh' to 'C:\Users\runneradmin\AppData\Roaming\MetaQuotes\Terminal\AC02820828741D7F8BF7FB67EB739BA8\MQL4\Include\Indicators\Series.mqh'
0	09:13:39.444	Migration: copied from 'D:\a\trader-bot\trader-bot\MT4_Portable\MQL4\Include\Indicators\TimeSeries.mqh' to 'C:\Users\runneradmin\AppData\Roaming\MetaQuotes\Terminal\AC02820828741D7F8BF7FB67EB739BA8\MQL4\Include\Indicators\TimeSeries.mqh'
0	09:13:39.460	Migration: copied from 'D:\a\trader-bot\trader-bot\MT4_Portable\MQL4\Include\Indicators\Trend.mqh' to 'C:\Users\runneradmin\AppData\Roaming\MetaQuotes\Terminal\AC02820828741D7F8BF7FB67EB739BA8\MQL4\Include\Indicators\Trend.mqh'
0	09:13:39.460	Migration: copied from 'D:\a\trader-bot\trader-bot\MT4_Portable\MQL4\Include\Indicators\Volumes.mqh' to 'C:\Users\runneradmin\AppData\Roaming\MetaQuotes\Terminal\AC02820828741D7F8BF7FB67EB739BA8\MQL4\Include\Indicators\Volumes.mqh'
0	09:13:39.460	Migration: copied from 'D:\a\trader-bot\trader-bot\MT4_Portable\MQL4\Include\MovingAverages.mqh' to 'C:\Users\runneradmin\AppData\Roaming\MetaQuotes\Terminal\AC02820828741D7F8BF7FB67EB739BA8\MQL4\Include\MovingAverages.mqh'
0	09:13:39.460	Migration: copied from 'D:\a\trader-bot\trader-bot\MT4_Portable\MQL4\Include\Object.mqh' to 'C:\Users\runneradmin\AppData\Roaming\MetaQuotes\Terminal\AC02820828741D7F8BF7FB67EB739BA8\MQL4\Include\Object.mqh'
0	09:13:39.460	Migration: copied from 'D:\a\trader-bot\trader-bot\MT4_Portable\MQL4\Include\stderror.mqh' to 'C:\Users\runneradmin\AppData\Roaming\MetaQuotes\Terminal\AC02820828741D7F8BF7FB67EB739BA8\MQL4\Include\stderror.mqh'
0	09:13:39.460	Migration: copied from 'D:\a\trader-bot\trader-bot\MT4_Portable\MQL4\Include\stdlib.mqh' to 'C:\Users\runneradmin\AppData\Roaming\MetaQuotes\Terminal\AC02820828741D7F8BF7FB67EB739BA8\MQL4\Include\stdlib.mqh'
0	09:13:39.460	Migration: copied from 'D:\a\trader-bot\trader-bot\MT4_Portable\MQL4\Include\StdLibErr.mqh' to 'C:\Users\runneradmin\AppData\Roaming\MetaQuotes\Terminal\AC02820828741D7F8BF7FB67EB739BA8\MQL4\Include\StdLibErr.mqh'
0	09:13:39.460	Migration: copied from 'D:\a\trader-bot\trader-bot\MT4_Portable\MQL4\Include\Strings\String.mqh' to 'C:\Users\runneradmin\AppData\Roaming\MetaQuotes\Terminal\AC02820828741D7F8BF7FB67EB739BA8\MQL4\Include\Strings\String.mqh'
0	09:13:39.460	Migration: copied from 'D:\a\trader-bot\trader-bot\MT4_Portable\MQL4\Include\Tools\DateTime.mqh' to 'C:\Users\runneradmin\AppData\Roaming\MetaQuotes\Terminal\AC02820828741D7F8BF7FB67EB739BA8\MQL4\Include\Tools\DateTime.mqh'
0	09:13:39.460	Migration: copied from 'D:\a\trader-bot\trader-bot\MT4_Portable\MQL4\Include\WinUser32.mqh' to 'C:\Users\runneradmin\AppData\Roaming\MetaQuotes\Terminal\AC02820828741D7F8BF7FB67EB739BA8\MQL4\Include\WinUser32.mqh'
0	09:13:39.460	Migration: copied from 'D:\a\trader-bot\trader-bot\MT4_Portable\MQL4\Indicators\Accelerator.ex4' to 'C:\Users\runneradmin\AppData\Roaming\MetaQuotes\Terminal\AC02820828741D7F8BF7FB67EB739BA8\MQL4\Indicators\Accelerator.ex4'
0	09:13:39.460	Migration: copied from 'D:\a\trader-bot\trader-bot\MT4_Portable\MQL4\Indicators\Accelerator.mq4' to 'C:\Users\runneradmin\AppData\Roaming\MetaQuotes\Terminal\AC02820828741D7F8BF7FB67EB739BA8\MQL4\Indicators\Accelerator.mq4'
0	09:13:39.460	Migration: copied from 'D:\a\trader-bot\trader-bot\MT4_Portable\MQL4\Indicators\Accumulation.ex4' to 'C:\Users\runneradmin\AppData\Roaming\MetaQuotes\Terminal\AC02820828741D7F8BF7FB67EB739BA8\MQL4\Indicators\Accumulation.ex4'
0	09:13:39.460	Migration: copied from 'D:\a\trader-bot\trader-bot\MT4_Portable\MQL4\Indicators\Accumulation.mq4' to 'C:\Users\runneradmin\AppData\Roaming\MetaQuotes\Terminal\AC02820828741D7F8BF7FB67EB739BA8\MQL4\Indicators\Accumulation.mq4'
0	09:13:39.460	Migration: copied from 'D:\a\trader-bot\trader-bot\MT4_Portable\MQL4\Indicators\ADX.ex4' to 'C:\Users\runneradmin\AppData\Roaming\MetaQuotes\Terminal\AC02820828741D7F8BF7FB67EB739BA8\MQL4\Indicators\ADX.ex4'
0	09:13:39.460	Migration: copied from 'D:\a\trader-bot\trader-bot\MT4_Portable\MQL4\Indicators\ADX.mq4' to 'C:\Users\runneradmin\AppData\Roaming\MetaQuotes\Terminal\AC02820828741D7F8BF7FB67EB739BA8\MQL4\Indicators\ADX.mq4'
0	09:13:39.460	Migration: copied from 'D:\a\trader-bot\trader-bot\MT4_Portable\MQL4\Indicators\Alligator.ex4' to 'C:\Users\runneradmin\AppData\Roaming\MetaQuotes\Terminal\AC02820828741D7F8BF7FB67EB739BA8\MQL4\Indicators\Alligator.ex4'
0	09:13:39.460	Migration: copied from 'D:\a\trader-bot\trader-bot\MT4_Portable\MQL4\Indicators\Alligator.mq4' to 'C:\Users\runneradmin\AppData\Roaming\MetaQuotes\Terminal\AC02820828741D7F8BF7FB67EB739BA8\MQL4\Indicators\Alligator.mq4'
0	09:13:39.475	Migration: copied from 'D:\a\trader-bot\trader-bot\MT4_Portable\MQL4\Indicators\Amplitude.ex4' to 'C:\Users\runneradmin\AppData\Roaming\MetaQuotes\Terminal\AC02820828741D7F8BF7FB67EB739BA8\MQL4\Indicators\Amplitude.ex4'
0	09:13:39.475	Migration: copied from 'D:\a\trader-bot\trader-bot\MT4_Portable\MQL4\Indicators\ATR.ex4' to 'C:\Users\runneradmin\AppData\Roaming\MetaQuotes\Terminal\AC02820828741D7F8BF7FB67EB739BA8\MQL4\Indicators\ATR.ex4'
0	09:13:39.475	Migration: copied from 'D:\a\trader-bot\trader-bot\MT4_Portable\MQL4\Indicators\ATR.mq4' to 'C:\Users\runneradmin\AppData\Roaming\MetaQuotes\Terminal\AC02820828741D7F8BF7FB67EB739BA8\MQL4\Indicators\ATR.mq4'
0	09:13:39.475	Migration: copied from 'D:\a\trader-bot\trader-bot\MT4_Portable\MQL4\Indicators\Awesome.ex4' to 'C:\Users\runneradmin\AppData\Roaming\MetaQuotes\Terminal\AC02820828741D7F8BF7FB67EB739BA8\MQL4\Indicators\Awesome.ex4'
0	09:13:39.475	Migration: copied from 'D:\a\trader-bot\trader-bot\MT4_Portable\MQL4\Indicators\Awesome.mq4' to 'C:\Users\runneradmin\AppData\Roaming\MetaQuotes\Terminal\AC02820828741D7F8BF7FB67EB739BA8\MQL4\Indicators\Awesome.mq4'
0	09:13:39.475	Migration: copied from 'D:\a\trader-bot\trader-bot\MT4_Portable\MQL4\Indicators\Bands.ex4' to 'C:\Users\runneradmin\AppData\Roaming\MetaQuotes\Terminal\AC02820828741D7F8BF7FB67EB739BA8\MQL4\Indicators\Bands.ex4'
0	09:13:39.475	Migration: copied from 'D:\a\trader-bot\trader-bot\MT4_Portable\MQL4\Indicators\Bands.mq4' to 'C:\Users\runneradmin\AppData\Roaming\MetaQuotes\Terminal\AC02820828741D7F8BF7FB67EB739BA8\MQL4\Indicators\Bands.mq4'
0	09:13:39.475	Migration: copied from 'D:\a\trader-bot\trader-bot\MT4_Portable\MQL4\Indicators\Bears.ex4' to 'C:\Users\runneradmin\AppData\Roaming\MetaQuotes\Terminal\AC02820828741D7F8BF7FB67EB739BA8\MQL4\Indicators\Bears.ex4'
0	09:13:39.475	Migration: copied from 'D:\a\trader-bot\trader-bot\MT4_Portable\MQL4\Indicators\Bears.mq4' to 'C:\Users\runneradmin\AppData\Roaming\MetaQuotes\Terminal\AC02820828741D7F8BF7FB67EB739BA8\MQL4\Indicators\Bears.mq4'
0	09:13:39.475	Migration: copied from 'D:\a\trader-bot\trader-bot\MT4_Portable\MQL4\Indicators\Bulls.ex4' to 'C:\Users\runneradmin\AppData\Roaming\MetaQuotes\Terminal\AC02820828741D7F8BF7FB67EB739BA8\MQL4\Indicators\Bulls.ex4'
0	09:13:39.475	Migration: copied from 'D:\a\trader-bot\trader-bot\MT4_Portable\MQL4\Indicators\Bulls.mq4' to 'C:\Users\runneradmin\AppData\Roaming\MetaQuotes\Terminal\AC02820828741D7F8BF7FB67EB739BA8\MQL4\Indicators\Bulls.mq4'
0	09:13:39.475	Migration: copied from 'D:\a\trader-bot\trader-bot\MT4_Portable\MQL4\Indicators\CCI.ex4' to 'C:\Users\runneradmin\AppData\Roaming\MetaQuotes\Terminal\AC02820828741D7F8BF7FB67EB739BA8\MQL4\Indicators\CCI.ex4'
0	09:13:39.475	Migration: copied from 'D:\a\trader-bot\trader-bot\MT4_Portable\MQL4\Indicators\CCI.mq4' to 'C:\Users\runneradmin\AppData\Roaming\MetaQuotes\Terminal\AC02820828741D7F8BF7FB67EB739BA8\MQL4\Indicators\CCI.mq4'
0	09:13:39.475	Migration: copied from 'D:\a\trader-bot\trader-bot\MT4_Portable\MQL4\Indicators\Custom Moving Averages.ex4' to 'C:\Users\runneradmin\AppData\Roaming\MetaQuotes\Terminal\AC02820828741D7F8BF7FB67EB739BA8\MQL4\Indicators\Custom Moving Averages.ex4'
0	09:13:39.475	Migration: copied from 'D:\a\trader-bot\trader-bot\MT4_Portable\MQL4\Indicators\Custom Moving Averages.mq4' to 'C:\Users\runneradmin\AppData\Roaming\MetaQuotes\Terminal\AC02820828741D7F8BF7FB67EB739BA8\MQL4\Indicators\Custom Moving Averages.mq4'
0	09:13:39.475	Migration: copied from 'D:\a\trader-bot\trader-bot\MT4_Portable\MQL4\Indicators\Examples\SimplePanel\PanelDialog.mqh' to 'C:\Users\runneradmin\AppData\Roaming\MetaQuotes\Terminal\AC02820828741D7F8BF7FB67EB739BA8\MQL4\Indicators\Examples\SimplePanel\PanelDialog.mqh'
0	09:13:39.475	Migration: copied from 'D:\a\trader-bot\trader-bot\MT4_Portable\MQL4\Indicators\Examples\SimplePanel\SimplePanel.ex4' to 'C:\Users\runneradmin\AppData\Roaming\MetaQuotes\Terminal\AC02820828741D7F8BF7FB67EB739BA8\MQL4\Indicators\Examples\SimplePanel\SimplePanel.ex4'
0	09:13:39.475	Migration: copied from 'D:\a\trader-bot\trader-bot\MT4_Portable\MQL4\Indicators\Examples\SimplePanel\SimplePanel.mq4' to 'C:\Users\runneradmin\AppData\Roaming\MetaQuotes\Terminal\AC02820828741D7F8BF7FB67EB739BA8\MQL4\Indicators\Examples\SimplePanel\SimplePanel.mq4'
0	09:13:39.475	Migration: copied from 'D:\a\trader-bot\trader-bot\MT4_Portable\MQL4\Indicators\Heiken Ashi.ex4' to 'C:\Users\runneradmin\AppData\Roaming\MetaQuotes\Terminal\AC02820828741D7F8BF7FB67EB739BA8\MQL4\Indicators\Heiken Ashi.ex4'
0	09:13:39.475	Migration: copied from 'D:\a\trader-bot\trader-bot\MT4_Portable\MQL4\Indicators\Heiken Ashi.mq4' to 'C:\Users\runneradmin\AppData\Roaming\MetaQuotes\Terminal\AC02820828741D7F8BF7FB67EB739BA8\MQL4\Indicators\Heiken Ashi.mq4'
0	09:13:39.475	Migration: copied from 'D:\a\trader-bot\trader-bot\MT4_Portable\MQL4\Indicators\Ichimoku.ex4' to 'C:\Users\runneradmin\AppData\Roaming\MetaQuotes\Terminal\AC02820828741D7F8BF7FB67EB739BA8\MQL4\Indicators\Ichimoku.ex4'
0	09:13:39.475	Migration: copied from 'D:\a\trader-bot\trader-bot\MT4_Portable\MQL4\Indicators\Ichimoku.mq4' to 'C:\Users\runneradmin\AppData\Roaming\MetaQuotes\Terminal\AC02820828741D7F8BF7FB67EB739BA8\MQL4\Indicators\Ichimoku.mq4'
0	09:13:39.475	Migration: copied from 'D:\a\trader-bot\trader-bot\MT4_Portable\MQL4\Indicators\iExposure.ex4' to 'C:\Users\runneradmin\AppData\Roaming\MetaQuotes\Terminal\AC02820828741D7F8BF7FB67EB739BA8\MQL4\Indicators\iExposure.ex4'
0	09:13:39.475	Migration: copied from 'D:\a\trader-bot\trader-bot\MT4_Portable\MQL4\Indicators\iExposure.mq4' to 'C:\Users\runneradmin\AppData\Roaming\MetaQuotes\Terminal\AC02820828741D7F8BF7FB67EB739BA8\MQL4\Indicators\iExposure.mq4'
0	09:13:39.475	Migration: copied from 'D:\a\trader-bot\trader-bot\MT4_Portable\MQL4\Indicators\MACD.ex4' to 'C:\Users\runneradmin\AppData\Roaming\MetaQuotes\Terminal\AC02820828741D7F8BF7FB67EB739BA8\MQL4\Indicators\MACD.ex4'
0	09:13:39.475	Migration: copied from 'D:\a\trader-bot\trader-bot\MT4_Portable\MQL4\Indicators\MACD.mq4' to 'C:\Users\runneradmin\AppData\Roaming\MetaQuotes\Terminal\AC02820828741D7F8BF7FB67EB739BA8\MQL4\Indicators\MACD.mq4'
0	09:13:39.491	Migration: copied from 'D:\a\trader-bot\trader-bot\MT4_Portable\MQL4\Indicators\Momentum.ex4' to 'C:\Users\runneradmin\AppData\Roaming\MetaQuotes\Terminal\AC02820828741D7F8BF7FB67EB739BA8\MQL4\Indicators\Momentum.ex4'
0	09:13:39.491	Migration: copied from 'D:\a\trader-bot\trader-bot\MT4_Portable\MQL4\Indicators\Momentum.mq4' to 'C:\Users\runneradmin\AppData\Roaming\MetaQuotes\Terminal\AC02820828741D7F8BF7FB67EB739BA8\MQL4\Indicators\Momentum.mq4'
0	09:13:39.491	Migration: copied from 'D:\a\trader-bot\trader-bot\MT4_Portable\MQL4\Indicators\mqlcache.dat' to 'C:\Users\runneradmin\AppData\Roaming\MetaQuotes\Terminal\AC02820828741D7F8BF7FB67EB739BA8\MQL4\Indicators\mqlcache.dat'
0	09:13:39.491	Migration: copied from 'D:\a\trader-bot\trader-bot\MT4_Portable\MQL4\Indicators\OsMA.ex4' to 'C:\Users\runneradmin\AppData\Roaming\MetaQuotes\Terminal\AC02820828741D7F8BF7FB67EB739BA8\MQL4\Indicators\OsMA.ex4'
0	09:13:39.491	Migration: copied from 'D:\a\trader-bot\trader-bot\MT4_Portable\MQL4\Indicators\OsMA.mq4' to 'C:\Users\runneradmin\AppData\Roaming\MetaQuotes\Terminal\AC02820828741D7F8BF7FB67EB739BA8\MQL4\Indicators\OsMA.mq4'
0	09:13:39.491	Migration: copied from 'D:\a\trader-bot\trader-bot\MT4_Portable\MQL4\Indicators\Parabolic.ex4' to 'C:\Users\runneradmin\AppData\Roaming\MetaQuotes\Terminal\AC02820828741D7F8BF7FB67EB739BA8\MQL4\Indicators\Parabolic.ex4'
0	09:13:39.491	Migration: copied from 'D:\a\trader-bot\trader-bot\MT4_Portable\MQL4\Indicators\Parabolic.mq4' to 'C:\Users\runneradmin\AppData\Roaming\MetaQuotes\Terminal\AC02820828741D7F8BF7FB67EB739BA8\MQL4\Indicators\Parabolic.mq4'
0	09:13:39.491	Migration: copied from 'D:\a\trader-bot\trader-bot\MT4_Portable\MQL4\Indicators\RSI.ex4' to 'C:\Users\runneradmin\AppData\Roaming\MetaQuotes\Terminal\AC02820828741D7F8BF7FB67EB739BA8\MQL4\Indicators\RSI.ex4'
0	09:13:39.491	Migration: copied from 'D:\a\trader-bot\trader-bot\MT4_Portable\MQL4\Indicators\RSI.mq4' to 'C:\Users\runneradmin\AppData\Roaming\MetaQuotes\Terminal\AC02820828741D7F8BF7FB67EB739BA8\MQL4\Indicators\RSI.mq4'
0	09:13:39.491	Migration: copied from 'D:\a\trader-bot\trader-bot\MT4_Portable\MQL4\Indicators\Stochastic.ex4' to 'C:\Users\runneradmin\AppData\Roaming\MetaQuotes\Terminal\AC02820828741D7F8BF7FB67EB739BA8\MQL4\Indicators\Stochastic.ex4'
0	09:13:39.491	Migration: copied from 'D:\a\trader-bot\trader-bot\MT4_Portable\MQL4\Indicators\Stochastic.mq4' to 'C:\Users\runneradmin\AppData\Roaming\MetaQuotes\Terminal\AC02820828741D7F8BF7FB67EB739BA8\MQL4\Indicators\Stochastic.mq4'
0	09:13:39.491	Migration: copied from 'D:\a\trader-bot\trader-bot\MT4_Portable\MQL4\Indicators\ZigZag.ex4' to 'C:\Users\runneradmin\AppData\Roaming\MetaQuotes\Terminal\AC02820828741D7F8BF7FB67EB739BA8\MQL4\Indicators\ZigZag.ex4'
0	09:13:39.491	Migration: copied from 'D:\a\trader-bot\trader-bot\MT4_Portable\MQL4\Indicators\ZigZag.mq4' to 'C:\Users\runneradmin\AppData\Roaming\MetaQuotes\Terminal\AC02820828741D7F8BF7FB67EB739BA8\MQL4\Indicators\ZigZag.mq4'
0	09:13:39.491	Migration: copied from 'D:\a\trader-bot\trader-bot\MT4_Portable\MQL4\Libraries\dotsv3.dll' to 'C:\Users\runneradmin\AppData\Roaming\MetaQuotes\Terminal\AC02820828741D7F8BF7FB67EB739BA8\MQL4\Libraries\dotsv3.dll'
0	09:13:39.491	Migration: copied from 'D:\a\trader-bot\trader-bot\MT4_Portable\MQL4\Libraries\mqlcache.dat' to 'C:\Users\runneradmin\AppData\Roaming\MetaQuotes\Terminal\AC02820828741D7F8BF7FB67EB739BA8\MQL4\Libraries\mqlcache.dat'
0	09:13:39.491	Migration: copied from 'D:\a\trader-bot\trader-bot\MT4_Portable\MQL4\Libraries\stdlib.ex4' to 'C:\Users\runneradmin\AppData\Roaming\MetaQuotes\Terminal\AC02820828741D7F8BF7FB67EB739BA8\MQL4\Libraries\stdlib.ex4'
0	09:13:39.491	Migration: copied from 'D:\a\trader-bot\trader-bot\MT4_Portable\MQL4\Libraries\stdlib.mq4' to 'C:\Users\runneradmin\AppData\Roaming\MetaQuotes\Terminal\AC02820828741D7F8BF7FB67EB739BA8\MQL4\Libraries\stdlib.mq4'
0	09:13:39.491	Migration: copied from 'D:\a\trader-bot\trader-bot\MT4_Portable\MQL4\Logs\20230610.log' to 'C:\Users\runneradmin\AppData\Roaming\MetaQuotes\Terminal\AC02820828741D7F8BF7FB67EB739BA8\MQL4\Logs\20230610.log'
0	09:13:39.491	Migration: copied from 'D:\a\trader-bot\trader-bot\MT4_Portable\MQL4\Logs\20230612.log' to 'C:\Users\runneradmin\AppData\Roaming\MetaQuotes\Terminal\AC02820828741D7F8BF7FB67EB739BA8\MQL4\Logs\20230612.log'
0	09:13:39.491	Migration: copied from 'D:\a\trader-bot\trader-bot\MT4_Portable\MQL4\Scripts\Examples\DLL\DLLSample.cpp' to 'C:\Users\runneradmin\AppData\Roaming\MetaQuotes\Terminal\AC02820828741D7F8BF7FB67EB739BA8\MQL4\Scripts\Examples\DLL\DLLSample.cpp'
0	09:13:39.491	Migration: copied from 'D:\a\trader-bot\trader-bot\MT4_Portable\MQL4\Scripts\Examples\DLL\DLLSample.def' to 'C:\Users\runneradmin\AppData\Roaming\MetaQuotes\Terminal\AC02820828741D7F8BF7FB67EB739BA8\MQL4\Scripts\Examples\DLL\DLLSample.def'
0	09:13:39.491	Migration: copied from 'D:\a\trader-bot\trader-bot\MT4_Portable\MQL4\Scripts\Examples\DLL\DLLSample.vcxproj' to 'C:\Users\runneradmin\AppData\Roaming\MetaQuotes\Terminal\AC02820828741D7F8BF7FB67EB739BA8\MQL4\Scripts\Examples\DLL\DLLSample.vcxproj'
0	09:13:39.491	Migration: copied from 'D:\a\trader-bot\trader-bot\MT4_Portable\MQL4\Scripts\Examples\DLL\DLLSampleTester.ex4' to 'C:\Users\runneradmin\AppData\Roaming\MetaQuotes\Terminal\AC02820828741D7F8BF7FB67EB739BA8\MQL4\Scripts\Examples\DLL\DLLSampleTester.ex4'
0	09:13:39.491	Migration: copied from 'D:\a\trader-bot\trader-bot\MT4_Portable\MQL4\Scripts\Examples\DLL\DLLSampleTester.mq4' to 'C:\Users\runneradmin\AppData\Roaming\MetaQuotes\Terminal\AC02820828741D7F8BF7FB67EB739BA8\MQL4\Scripts\Examples\DLL\DLLSampleTester.mq4'
0	09:13:39.491	Migration: copied from 'D:\a\trader-bot\trader-bot\MT4_Portable\MQL4\Scripts\Examples\DLL\Libraries\DLLSample.dll' to 'C:\Users\runneradmin\AppData\Roaming\MetaQuotes\Terminal\AC02820828741D7F8BF7FB67EB739BA8\MQL4\Scripts\Examples\DLL\Libraries\DLLSample.dll'
0	09:13:39.507	Migration: copied from 'D:\a\trader-bot\trader-bot\MT4_Portable\MQL4\Scripts\Examples\Pipes\PipeClient.ex4' to 'C:\Users\runneradmin\AppData\Roaming\MetaQuotes\Terminal\AC02820828741D7F8BF7FB67EB739BA8\MQL4\Scripts\Examples\Pipes\PipeClient.ex4'
0	09:13:39.507	Migration: copied from 'D:\a\trader-bot\trader-bot\MT4_Portable\MQL4\Scripts\Examples\Pipes\PipeClient.mq4' to 'C:\Users\runneradmin\AppData\Roaming\MetaQuotes\Terminal\AC02820828741D7F8BF7FB67EB739BA8\MQL4\Scripts\Examples\Pipes\PipeClient.mq4'
0	09:13:39.507	Migration: copied from 'D:\a\trader-bot\trader-bot\MT4_Portable\MQL4\Scripts\Examples\Pipes\PipeClientPure.ex4' to 'C:\Users\runneradmin\AppData\Roaming\MetaQuotes\Terminal\AC02820828741D7F8BF7FB67EB739BA8\MQL4\Scripts\Examples\Pipes\PipeClientPure.ex4'
0	09:13:39.507	Migration: copied from 'D:\a\trader-bot\trader-bot\MT4_Portable\MQL4\Scripts\Examples\Pipes\PipeClientPure.mq4' to 'C:\Users\runneradmin\AppData\Roaming\MetaQuotes\Terminal\AC02820828741D7F8BF7FB67EB739BA8\MQL4\Scripts\Examples\Pipes\PipeClientPure.mq4'
0	09:13:39.507	Migration: copied from 'D:\a\trader-bot\trader-bot\MT4_Portable\MQL4\Scripts\ForceLoadHistoricalData.ex4' to 'C:\Users\runneradmin\AppData\Roaming\MetaQuotes\Terminal\AC02820828741D7F8BF7FB67EB739BA8\MQL4\Scripts\ForceLoadHistoricalData.ex4'
0	09:13:39.507	Migration: copied from 'D:\a\trader-bot\trader-bot\MT4_Portable\MQL4\Scripts\hst2csv.ex4' to 'C:\Users\runneradmin\AppData\Roaming\MetaQuotes\Terminal\AC02820828741D7F8BF7FB67EB739BA8\MQL4\Scripts\hst2csv.ex4'
0	09:13:39.507	Migration: copied from 'D:\a\trader-bot\trader-bot\MT4_Portable\MQL4\Scripts\hst2csv.mq4' to 'C:\Users\runneradmin\AppData\Roaming\MetaQuotes\Terminal\AC02820828741D7F8BF7FB67EB739BA8\MQL4\Scripts\hst2csv.mq4'
0	09:13:39.507	Migration: copied from 'D:\a\trader-bot\trader-bot\MT4_Portable\MQL4\Scripts\mqlcache.dat' to 'C:\Users\runneradmin\AppData\Roaming\MetaQuotes\Terminal\AC02820828741D7F8BF7FB67EB739BA8\MQL4\Scripts\mqlcache.dat'
0	09:13:39.507	Migration: copied from 'D:\a\trader-bot\trader-bot\MT4_Portable\MQL4\Scripts\PeriodConverter.ex4' to 'C:\Users\runneradmin\AppData\Roaming\MetaQuotes\Terminal\AC02820828741D7F8BF7FB67EB739BA8\MQL4\Scripts\PeriodConverter.ex4'
0	09:13:39.507	Migration: copied from 'D:\a\trader-bot\trader-bot\MT4_Portable\MQL4\Scripts\PeriodConverter.mq4' to 'C:\Users\runneradmin\AppData\Roaming\MetaQuotes\Terminal\AC02820828741D7F8BF7FB67EB739BA8\MQL4\Scripts\PeriodConverter.mq4'
0	09:13:39.507	Migration: MQL4 folder copied from 'D:\a\trader-bot\trader-bot\MT4_Portable' to 'C:\Users\runneradmin\AppData\Roaming\MetaQuotes\Terminal\AC02820828741D7F8BF7FB67EB739BA8'
0	09:13:39.507	LiveUpdate: update C:\Users\runneradmin\AppData\Roaming\MetaQuotes\Terminal\AC02820828741D7F8BF7FB67EB739BA8\MQL4 folder started
0	09:13:39.585	LiveUpdate: update C:\Users\runneradmin\AppData\Roaming\MetaQuotes\Terminal\AC02820828741D7F8BF7FB67EB739BA8\MQL4 folder finished
0	09:13:40.085	MetaTrader 4 build 1380 started (MetaQuotes Software Corp.)
0	09:13:40.085	Windows Server 2022 Datacenter x64, IE 11, UAC, 2 x Intel Xeon Platinum 8171M  @ 2.60GHz, Memory: 5405 / 7167 Mb, Disk: 88 / 255 Gb, GMT+0
0	09:13:40.085	Data Folder: C:\Users\runneradmin\AppData\Roaming\MetaQuotes\Terminal\AC02820828741D7F8BF7FB67EB739BA8
0	09:13:40.398	Sources recompilation started
0	09:13:59.157	Sources recompilation finished (28 compiled in 18750 msec)
2	09:14:04.004	Expert Place_Order XAUUSD,H1: loaded successfully
